#
# There is insufficient memory for the Java Runtime Environment to continue.
# Native memory allocation (malloc) failed to allocate 1048576 bytes for AllocateHeap
# Possible reasons:
#   The system is out of physical RAM or swap space
#   In 32 bit mode, the process size limit was hit
# Possible solutions:
#   Reduce memory load on the system
#   Increase physical memory or swap space
#   Check if swap backing store is full
#   Use 64 bit Java on a 64 bit OS
#   Decrease Java heap size (-Xmx/-Xms)
#   Decrease number of Java threads
#   Decrease Java thread stack sizes (-Xss)
#   Set larger code cache with -XX:ReservedCodeCacheSize=
# This output file may be truncated or incomplete.
#
#  Out of Memory Error (memory/allocation.inline.hpp:61), pid=2868, tid=11792
#
# JRE version:  (8.0_60-b27) (build )
# Java VM: Java HotSpot(TM) 64-Bit Server VM (25.60-b23 mixed mode windows-amd64 compressed oops)
# Failed to write core dump. Minidumps are not enabled by default on client versions of Windows
#

---------------  T H R E A D  ---------------

Current thread (0x000000000215e000):  JavaThread "Unknown thread" [_thread_in_vm, id=11792, stack(0x0000000000720000,0x0000000000820000)]

Stack: [0x0000000000720000,0x0000000000820000]
[error occurred during error reporting (printing stack bounds), id 0xc0000005]

Native frames: (J=compiled Java code, j=interpreted, Vv=VM code, C=native code)


---------------  P R O C E S S  ---------------

Java Threads: ( => current thread )

Other Threads:

=>0x000000000215e000 (exited) JavaThread "Unknown thread" [_thread_in_vm, id=11792, stack(0x0000000000720000,0x0000000000820000)]

VM state:not at safepoint (normal execution)

VM Mutex/Monitor currently owned by a thread: None

Heap:
 PSYoungGen      total 38400K, used 665K [0x00000000eab00000, 0x00000000ed580000, 0x0000000100000000)
  eden space 33280K, 2% used [0x00000000eab00000,0x00000000eaba6670,0x00000000ecb80000)
  from space 5120K, 0% used [0x00000000ed080000,0x00000000ed080000,0x00000000ed580000)
  to   space 5120K, 0% used [0x00000000ecb80000,0x00000000ecb80000,0x00000000ed080000)
 ParOldGen       total 87552K, used 0K [0x00000000c0000000, 0x00000000c5580000, 0x00000000eab00000)
  object space 87552K, 0% used [0x00000000c0000000,0x00000000c0000000,0x00000000c5580000)
 Metaspace       used 767K, capacity 4480K, committed 4480K, reserved 1056768K
  class space    used 75K, capacity 384K, committed 384K, reserved 1048576K

Card table byte_map: [0x0000000011620000,0x0000000011830000] byte_map_base: 0x0000000011020000

Marking Bits: (ParMarkBitMap*) 0x000000005a10a5b0
 Begin Bits: [0x0000000011d90000, 0x0000000012d90000)
 End Bits:   [0x0000000012d90000, 0x0000000013d90000)

Polling page: 0x0000000000820000

CodeCache: size=245760Kb used=328Kb max_used=328Kb free=245431Kb
 bounds [0x0000000002260000, 0x00000000024d0000, 0x0000000011260000]
 total_blobs=57 nmethods=0 adapters=37
 compilation: enabled

Compilation events (0 events):
No events

GC Heap History (0 events):
No events

Deoptimization events (0 events):
No events

Internal exceptions (0 events):
No events

Events (10 events):
Event: 0.021 loading class java/lang/Short
Event: 0.021 loading class java/lang/Short done
Event: 0.021 loading class java/lang/Integer
Event: 0.021 loading class java/lang/Integer done
Event: 0.021 loading class java/lang/Long
Event: 0.021 loading class java/lang/Long done
Event: 0.022 loading class java/lang/NullPointerException
Event: 0.022 loading class java/lang/NullPointerException done
Event: 0.022 loading class java/lang/ArithmeticException
Event: 0.022 loading class java/lang/ArithmeticException done


Dynamic libraries:
0x00007ff785070000 - 0x00007ff7850a7000 	C:\Program Files\Java\jdk1.8.0_60\bin\java.exe
0x00007ff900670000 - 0x00007ff900831000 	C:\WINDOWS\SYSTEM32\ntdll.dll
0x00007ff8fe060000 - 0x00007ff8fe10d000 	C:\WINDOWS\system32\KERNEL32.DLL
0x00007ff8fced0000 - 0x00007ff8fd0b8000 	C:\WINDOWS\system32\KERNELBASE.dll
0x00007ff8fe520000 - 0x00007ff8fe5c7000 	C:\WINDOWS\system32\ADVAPI32.dll
0x00007ff8fdb00000 - 0x00007ff8fdb9d000 	C:\WINDOWS\system32\msvcrt.dll
0x00007ff8fff60000 - 0x00007ff8fffbb000 	C:\WINDOWS\system32\sechost.dll
0x00007ff8fe5f0000 - 0x00007ff8fe70c000 	C:\WINDOWS\system32\RPCRT4.dll
0x00007ff8fe110000 - 0x00007ff8fe266000 	C:\WINDOWS\system32\USER32.dll
0x00007ff8fe710000 - 0x00007ff8fe896000 	C:\WINDOWS\system32\GDI32.dll
0x00007ff8f34c0000 - 0x00007ff8f3734000 	C:\WINDOWS\WinSxS\amd64_microsoft.windows.common-controls_6595b64144ccf1df_6.0.10586.0_none_8c15ae12515e1c22\COMCTL32.dll
0x00007ff8fffc0000 - 0x00007ff90023d000 	C:\WINDOWS\system32\combase.dll
0x00007ff8fd9e0000 - 0x00007ff8fda4a000 	C:\WINDOWS\system32\bcryptPrimitives.dll
0x00007ff8fdfb0000 - 0x00007ff8fdfeb000 	C:\WINDOWS\system32\IMM32.DLL
0x000000005a290000 - 0x000000005a362000 	C:\Program Files\Java\jdk1.8.0_60\jre\bin\msvcr100.dll
0x0000000059900000 - 0x000000005a189000 	C:\Program Files\Java\jdk1.8.0_60\jre\bin\server\jvm.dll
0x00007ff8fff50000 - 0x00007ff8fff58000 	C:\WINDOWS\system32\PSAPI.DLL
0x00007ff8f1730000 - 0x00007ff8f1739000 	C:\WINDOWS\SYSTEM32\WSOCK32.dll
0x00007ff8fddb0000 - 0x00007ff8fde1b000 	C:\WINDOWS\system32\WS2_32.dll
0x00007ff8fb420000 - 0x00007ff8fb443000 	C:\WINDOWS\SYSTEM32\WINMM.dll
0x00007ff8f8d60000 - 0x00007ff8f8d6a000 	C:\WINDOWS\SYSTEM32\VERSION.dll
0x00007ff8fb340000 - 0x00007ff8fb36c000 	C:\WINDOWS\SYSTEM32\WINMMBASE.dll
0x00007ff8fd150000 - 0x00007ff8fd193000 	C:\WINDOWS\system32\cfgmgr32.dll
0x000000005b640000 - 0x000000005b64f000 	C:\Program Files\Java\jdk1.8.0_60\jre\bin\verify.dll
0x00000000598d0000 - 0x00000000598f9000 	C:\Program Files\Java\jdk1.8.0_60\jre\bin\java.dll
0x00000000598b0000 - 0x00000000598c6000 	C:\Program Files\Java\jdk1.8.0_60\jre\bin\zip.dll

VM Arguments:
jvm_args: -Djava.awt.headless=true -Xmx1024M -Dfile.encoding=windows-1252 -Duser.country=IT -Duser.language=it -Duser.variant 
java_command: com.android.dx.command.Main --dex --force-jumbo --num-threads=4 --multi-dex --output C:\Users\Enrico\AndroidStudioProjects\Client\app\build\intermediates\transforms\dex\debug\folders\1000\10\com.android.support-animated-vector-drawable-23.3.0_f972be522494066a8c283d88f6627a70000bad67 C:\Users\Enrico\AndroidStudioProjects\Client\app\build\intermediates\exploded-aar\com.android.support\animated-vector-drawable\23.3.0\jars\classes.jar
java_class_path (initial): C:\Users\Enrico\AppData\Local\Android\sdk\build-tools\23.0.3\lib\dx.jar
Launcher Type: SUN_STANDARD

Environment Variables:
USERNAME=Enrico
OS=Windows_NT
PROCESSOR_IDENTIFIER=Intel64 Family 6 Model 60 Stepping 3, GenuineIntel



---------------  S Y S T E M  ---------------

OS: Windows 10.0 , 64 bit Build 10586 (10.0.10586.0)

CPU:total 4 (4 cores per cpu, 1 threads per core) family 6 model 60 stepping 3, cmov, cx8, fxsr, mmx, sse, sse2, sse3, ssse3, sse4.1, sse4.2, popcnt, avx, avx2, aes, clmul, erms, lzcnt, tsc, tscinvbit, bmi1, bmi2

Memory: 4k page, physical 8342428k(1682076k free), swap 9391004k(5484k free)

vm_info: Java HotSpot(TM) 64-Bit Server VM (25.60-b23) for windows-amd64 JRE (1.8.0_60-b27), built on Aug  4 2015 11:06:27 by "java_re" with MS VC++ 10.0 (VS2010)

time: Tue Apr 12 18:34:12 2016
elapsed time: 0 seconds (0d 0h 0m 0s)

